<?xml version="1.0" encoding="UTF-8"?>
<testng-results ignored="2" total="4" passed="2" failed="0" skipped="0">
  <reporter-output>
  </reporter-output>
  <suite started-at="2020-12-21T21:53:52 IST" name="Suite" finished-at="2020-12-21T21:53:53 IST" duration-ms="164">
    <groups>
    </groups>
    <test started-at="2020-12-21T21:53:52 IST" name="Test" finished-at="2020-12-21T21:53:53 IST" duration-ms="164">
      <class name="parameter.ParameterConcept">
        <test-method signature="launchBrowser(java.lang.String)[pri:0, instance:parameter.ParameterConcept@2a266d09]" started-at="2020-12-21T21:53:53 IST" name="launchBrowser" finished-at="2020-12-21T21:53:53 IST" duration-ms="17" status="PASS">
          <params>
            <param index="0">
              <value>
                <![CDATA[Chrome]]>
              </value>
            </param>
          </params>
          <reporter-output>
          </reporter-output>
        </test-method> <!-- launchBrowser -->
        <test-method signature="login()[pri:1, instance:parameter.ParameterConcept@2a266d09]" started-at="2020-12-21T21:53:53 IST" name="login" finished-at="2020-12-21T21:53:53 IST" depends-on-methods="parameter.ParameterConcept.launchBrowser" duration-ms="6" status="PASS">
          <reporter-output>
          </reporter-output>
        </test-method> <!-- login -->
      </class> <!-- parameter.ParameterConcept -->
    </test> <!-- Test -->
  </suite> <!-- Suite -->
</testng-results>
