<?xml version="1.0" encoding="UTF-8"?>
<!-- Generated by org.testng.reporters.JUnitXMLReporter -->
<testsuite ignored="2" hostname="DESKTOP-29TDDLS" failures="0" tests="2" name="Test" time="0.164" errors="0" timestamp="2020-12-21T21:53:53 IST">
  <testcase classname="parameter.ParameterConcept" name="launchBrowser" time="0.017"/>
  <testcase classname="parameter.ParameterConcept" name="login" time="0.006"/>
  <testcase classname="parameter.ParameterConcept" name="logout" time="0.0">
    <ignored/>
  </testcase> <!-- logout -->
  <testcase classname="parameter.ParameterConcept" name="verifyInbox" time="0.0">
    <ignored/>
  </testcase> <!-- verifyInbox -->
</testsuite> <!-- Test -->
