<?xml version="1.0" encoding="UTF-8"?>
<!-- Generated by org.testng.reporters.JUnitXMLReporter -->
<testsuite ignored="0" hostname="DESKTOP-29TDDLS" failures="0" tests="4" name="Inbox Test" time="0.136" errors="0" timestamp="2020-11-19T08:53:33 IST">
  <testcase classname="TestNGBasicAnnotations.TestNGClass1" name="test1" time="0.022"/>
  <testcase classname="TestNGBasicAnnotations.TestNGClass1" name="test2" time="0.006"/>
  <testcase classname="TestNGBasicAnnotations.TestNGClass2" name="test1" time="0.009"/>
  <testcase classname="TestNGBasicAnnotations.TestNGClass2" name="test2" time="0.017"/>
</testsuite> <!-- Inbox Test -->
